20:47:35.771 INFO  manager.ApplicationManager - Chrome Driver was opened
20:47:58.326 INFO  manager.ApplicationManager - Current URL is ---> https://ilcarro-1578153671498.web.app/search
20:47:58.357 INFO  TestBase - START TEST with name: loginSuccessModelDP
20:47:58.358 INFO  manager.ListenerWD - Before Find Elements By ---> By.xpath: //a[text()=' Logout ']
20:48:03.366 INFO  manager.ListenerWD - After Find Elements By ---> By.xpath: //a[text()=' Logout ']
20:48:03.366 INFO  manager.ListenerWD - List size is ---> 0
20:48:03.373 INFO  TestBase - User logins User{email='marinatest@gmail.com', password='Mmarina_1234', name='null', lastName='null'}
20:48:03.374 INFO  manager.ListenerWD - Before Find Element By ---> By.cssSelector: div.header a:last-child
20:48:03.392 INFO  manager.ListenerWD - After Find Element By ---> By.cssSelector: div.header a:last-child
20:48:03.433 INFO  manager.ListenerWD - Before Find Element By ---> By.cssSelector: #email
20:48:03.452 INFO  manager.ListenerWD - After Find Element By ---> By.cssSelector: #email
20:48:03.538 INFO  manager.ListenerWD - Before Find Element By ---> By.cssSelector: #password
20:48:03.555 INFO  manager.ListenerWD - After Find Element By ---> By.cssSelector: #password
20:48:03.622 INFO  manager.ListenerWD - Before Find Element By ---> By.cssSelector: button[type$='submit']
20:48:03.637 INFO  manager.ListenerWD - After Find Element By ---> By.cssSelector: button[type$='submit']
20:48:03.667 INFO  manager.ListenerWD - Before Find Element By ---> By.cssSelector: button[type$='submit']
20:48:03.681 INFO  manager.ListenerWD - After Find Element By ---> By.cssSelector: button[type$='submit']
20:48:03.710 INFO  manager.ListenerWD - Before Find Element By ---> By.cssSelector: div.dialog-container
20:48:05.530 INFO  manager.ListenerWD - After Find Element By ---> By.cssSelector: div.dialog-container
20:48:05.545 INFO  manager.ListenerWD - Before Find Element By ---> By.cssSelector: h2.message
20:48:05.561 INFO  manager.ListenerWD - After Find Element By ---> By.cssSelector: h2.message
20:48:05.575 INFO  TestBase - Assert passed
20:48:05.577 INFO  manager.ListenerWD - Before Find Elements By ---> By.cssSelector: button.positive-button.ng-star-inserted
20:48:05.590 INFO  manager.ListenerWD - After Find Elements By ---> By.cssSelector: button.positive-button.ng-star-inserted
20:48:05.590 INFO  manager.ListenerWD - List size is ---> 1
20:48:05.590 INFO  manager.ListenerWD - Before Find Element By ---> By.cssSelector: button.positive-button.ng-star-inserted
20:48:05.607 INFO  manager.ListenerWD - After Find Element By ---> By.cssSelector: button.positive-button.ng-star-inserted
20:48:05.634 INFO  manager.ListenerWD - Before Find Elements By ---> By.xpath: //a[text()=' Logout ']
20:48:05.648 INFO  manager.ListenerWD - After Find Elements By ---> By.xpath: //a[text()=' Logout ']
20:48:05.648 INFO  manager.ListenerWD - List size is ---> 1
20:48:05.648 INFO  manager.ListenerWD - Before Find Element By ---> By.xpath: //a[text()=' Logout ']
20:48:05.664 INFO  manager.ListenerWD - After Find Element By ---> By.xpath: //a[text()=' Logout ']
20:48:05.706 INFO  TestBase - START TEST with name: loginSuccessModelDP
20:48:05.707 INFO  manager.ListenerWD - Before Find Elements By ---> By.xpath: //a[text()=' Logout ']
20:48:10.751 INFO  manager.ListenerWD - After Find Elements By ---> By.xpath: //a[text()=' Logout ']
20:48:10.751 INFO  manager.ListenerWD - List size is ---> 0
20:48:10.751 INFO  TestBase - User logins User{email='marinatest@gmail.com', password='Mmarina_1234', name='null', lastName='null'}
20:48:10.751 INFO  manager.ListenerWD - Before Find Element By ---> By.cssSelector: div.header a:last-child
20:48:10.762 INFO  manager.ListenerWD - After Find Element By ---> By.cssSelector: div.header a:last-child
20:48:10.791 INFO  manager.ListenerWD - Before Find Element By ---> By.cssSelector: #email
20:48:10.803 INFO  manager.ListenerWD - After Find Element By ---> By.cssSelector: #email
20:48:10.886 INFO  manager.ListenerWD - Before Find Element By ---> By.cssSelector: #password
20:48:10.897 INFO  manager.ListenerWD - After Find Element By ---> By.cssSelector: #password
20:48:10.960 INFO  manager.ListenerWD - Before Find Element By ---> By.cssSelector: button[type$='submit']
20:48:10.970 INFO  manager.ListenerWD - After Find Element By ---> By.cssSelector: button[type$='submit']
20:48:10.988 INFO  manager.ListenerWD - Before Find Element By ---> By.cssSelector: button[type$='submit']
20:48:10.998 INFO  manager.ListenerWD - After Find Element By ---> By.cssSelector: button[type$='submit']
20:48:11.021 INFO  manager.ListenerWD - Before Find Element By ---> By.cssSelector: div.dialog-container
20:48:11.539 INFO  manager.ListenerWD - After Find Element By ---> By.cssSelector: div.dialog-container
20:48:11.549 INFO  manager.ListenerWD - Before Find Element By ---> By.cssSelector: h2.message
20:48:11.561 INFO  manager.ListenerWD - After Find Element By ---> By.cssSelector: h2.message
20:48:11.572 INFO  TestBase - Assert passed
20:48:11.572 INFO  manager.ListenerWD - Before Find Elements By ---> By.cssSelector: button.positive-button.ng-star-inserted
20:48:11.584 INFO  manager.ListenerWD - After Find Elements By ---> By.cssSelector: button.positive-button.ng-star-inserted
20:48:11.584 INFO  manager.ListenerWD - List size is ---> 1
20:48:11.584 INFO  manager.ListenerWD - Before Find Element By ---> By.cssSelector: button.positive-button.ng-star-inserted
20:48:11.595 INFO  manager.ListenerWD - After Find Element By ---> By.cssSelector: button.positive-button.ng-star-inserted
20:48:11.626 INFO  manager.ListenerWD - Before Find Elements By ---> By.xpath: //a[text()=' Logout ']
20:48:11.637 INFO  manager.ListenerWD - After Find Elements By ---> By.xpath: //a[text()=' Logout ']
20:48:11.637 INFO  manager.ListenerWD - List size is ---> 1
20:48:11.637 INFO  manager.ListenerWD - Before Find Element By ---> By.xpath: //a[text()=' Logout ']
20:48:11.648 INFO  manager.ListenerWD - After Find Element By ---> By.xpath: //a[text()=' Logout ']
